<?xml version="1.0" encoding="utf-8"?>
<TestRun id="10d6c973-4272-43af-bd4e-aad4edcfc40c" name="DESKTOP-IFR4DIS$@DESKTOP-IFR4DIS 2023-10-16 22:46:37" runUser="NT AUTHORITY\SYSTEM" xmlns="http://microsoft.com/schemas/VisualStudio/TeamTest/2010">
  <Times creation="2023-10-16T22:46:37.7798811+07:00" queuing="2023-10-16T22:46:37.7798813+07:00" start="2023-10-16T22:46:35.9081843+07:00" finish="2023-10-16T22:46:37.7864074+07:00" />
  <TestSettings name="default" id="c3bed0a5-ddcf-4af7-96e8-0178e501b8ce">
    <Deployment runDeploymentRoot="DESKTOP-IFR4DIS$_DESKTOP-IFR4DIS_2023-10-16_22_46_37" />
  </TestSettings>
  <Results>
    <UnitTestResult executionId="7c59a003-57b8-45b6-8cee-5fad4292281a" testId="abe3c7d4-2857-f3ef-54f9-ffdc995d26b1" testName="DemoCICD.Architecture.Tests.ArchitectureTests.Persistence_Should_Not_HaveDependencyOnOtherProjects" computerName="DESKTOP-IFR4DIS" duration="00:00:00.0046887" startTime="2023-10-16T22:46:37.6350087+07:00" endTime="2023-10-16T22:46:37.6350088+07:00" testType="13cdc9d9-ddb5-4fa4-a97d-d965ccfc6d4b" outcome="Passed" testListId="8c84fa94-04c1-424b-9868-57a2d4851a1d" relativeResultsDirectory="7c59a003-57b8-45b6-8cee-5fad4292281a" />
    <UnitTestResult executionId="2b9c6103-f7f0-483d-8f38-90c101607616" testId="ea4cc17e-20c1-60de-3a9e-053f7044604c" testName="DemoCICD.Architecture.Tests.ArchitectureTests.Presentation_Should_Not_HaveDependencyOnOtherProjects" computerName="DESKTOP-IFR4DIS" duration="00:00:00.0004324" startTime="2023-10-16T22:46:37.6360914+07:00" endTime="2023-10-16T22:46:37.6360915+07:00" testType="13cdc9d9-ddb5-4fa4-a97d-d965ccfc6d4b" outcome="Passed" testListId="8c84fa94-04c1-424b-9868-57a2d4851a1d" relativeResultsDirectory="2b9c6103-f7f0-483d-8f38-90c101607616" />
    <UnitTestResult executionId="5d85420a-fb2a-48ad-a92e-e802053aef4c" testId="79830558-80c4-25cf-c1be-87f5c8d2d29a" testName="DemoCICD.Architecture.Tests.ArchitectureTests.Application_Should_Not_HaveDependencyOnOtherProjects" computerName="DESKTOP-IFR4DIS" duration="00:00:00.0728657" startTime="2023-10-16T22:46:37.6300307+07:00" endTime="2023-10-16T22:46:37.6300715+07:00" testType="13cdc9d9-ddb5-4fa4-a97d-d965ccfc6d4b" outcome="Passed" testListId="8c84fa94-04c1-424b-9868-57a2d4851a1d" relativeResultsDirectory="5d85420a-fb2a-48ad-a92e-e802053aef4c" />
    <UnitTestResult executionId="8566b3fa-a9e9-4719-8e32-4c534f9518db" testId="0a2caed5-04a4-e2a0-a8ac-253c693a95c3" testName="DemoCICD.Architecture.Tests.ArchitectureTests.Infrastructure_Should_Not_HaveDependencyOnOtherProjects" computerName="DESKTOP-IFR4DIS" duration="00:00:00.0004556" startTime="2023-10-16T22:46:37.6356248+07:00" endTime="2023-10-16T22:46:37.6356249+07:00" testType="13cdc9d9-ddb5-4fa4-a97d-d965ccfc6d4b" outcome="Passed" testListId="8c84fa94-04c1-424b-9868-57a2d4851a1d" relativeResultsDirectory="8566b3fa-a9e9-4719-8e32-4c534f9518db" />
    <UnitTestResult executionId="8843455a-ca0b-43ed-8f73-3e9f6425169f" testId="1f0c43ad-8eb0-f880-c356-fbfc4edd50fc" testName="DemoCICD.Architecture.Tests.ArchitectureTests.Domain_Should_Not_HaveDependencyOnOtherProjects" computerName="DESKTOP-IFR4DIS" duration="00:00:00.0006724" startTime="2023-10-16T22:46:37.6355870+07:00" endTime="2023-10-16T22:46:37.6355871+07:00" testType="13cdc9d9-ddb5-4fa4-a97d-d965ccfc6d4b" outcome="Passed" testListId="8c84fa94-04c1-424b-9868-57a2d4851a1d" relativeResultsDirectory="8843455a-ca0b-43ed-8f73-3e9f6425169f" />
  </Results>
  <TestDefinitions>
    <UnitTest name="DemoCICD.Architecture.Tests.ArchitectureTests.Application_Should_Not_HaveDependencyOnOtherProjects" storage="c:\programdata\jenkins\.jenkins\workspace\democicd-dev\test\democicd.architecture.tests\bin\debug\net7.0\democicd.architecture.tests.dll" id="79830558-80c4-25cf-c1be-87f5c8d2d29a">
      <Execution id="5d85420a-fb2a-48ad-a92e-e802053aef4c" />
      <TestMethod codeBase="C:\ProgramData\Jenkins\.jenkins\workspace\DemoCICD-DEV\test\DemoCICD.Architecture.Tests\bin\Debug\net7.0\DemoCICD.Architecture.Tests.dll" adapterTypeName="executor://xunit/VsTestRunner2/netcoreapp" className="DemoCICD.Architecture.Tests.ArchitectureTests" name="Application_Should_Not_HaveDependencyOnOtherProjects" />
    </UnitTest>
    <UnitTest name="DemoCICD.Architecture.Tests.ArchitectureTests.Domain_Should_Not_HaveDependencyOnOtherProjects" storage="c:\programdata\jenkins\.jenkins\workspace\democicd-dev\test\democicd.architecture.tests\bin\debug\net7.0\democicd.architecture.tests.dll" id="1f0c43ad-8eb0-f880-c356-fbfc4edd50fc">
      <Execution id="8843455a-ca0b-43ed-8f73-3e9f6425169f" />
      <TestMethod codeBase="C:\ProgramData\Jenkins\.jenkins\workspace\DemoCICD-DEV\test\DemoCICD.Architecture.Tests\bin\Debug\net7.0\DemoCICD.Architecture.Tests.dll" adapterTypeName="executor://xunit/VsTestRunner2/netcoreapp" className="DemoCICD.Architecture.Tests.ArchitectureTests" name="Domain_Should_Not_HaveDependencyOnOtherProjects" />
    </UnitTest>
    <UnitTest name="DemoCICD.Architecture.Tests.ArchitectureTests.Persistence_Should_Not_HaveDependencyOnOtherProjects" storage="c:\programdata\jenkins\.jenkins\workspace\democicd-dev\test\democicd.architecture.tests\bin\debug\net7.0\democicd.architecture.tests.dll" id="abe3c7d4-2857-f3ef-54f9-ffdc995d26b1">
      <Execution id="7c59a003-57b8-45b6-8cee-5fad4292281a" />
      <TestMethod codeBase="C:\ProgramData\Jenkins\.jenkins\workspace\DemoCICD-DEV\test\DemoCICD.Architecture.Tests\bin\Debug\net7.0\DemoCICD.Architecture.Tests.dll" adapterTypeName="executor://xunit/VsTestRunner2/netcoreapp" className="DemoCICD.Architecture.Tests.ArchitectureTests" name="Persistence_Should_Not_HaveDependencyOnOtherProjects" />
    </UnitTest>
    <UnitTest name="DemoCICD.Architecture.Tests.ArchitectureTests.Presentation_Should_Not_HaveDependencyOnOtherProjects" storage="c:\programdata\jenkins\.jenkins\workspace\democicd-dev\test\democicd.architecture.tests\bin\debug\net7.0\democicd.architecture.tests.dll" id="ea4cc17e-20c1-60de-3a9e-053f7044604c">
      <Execution id="2b9c6103-f7f0-483d-8f38-90c101607616" />
      <TestMethod codeBase="C:\ProgramData\Jenkins\.jenkins\workspace\DemoCICD-DEV\test\DemoCICD.Architecture.Tests\bin\Debug\net7.0\DemoCICD.Architecture.Tests.dll" adapterTypeName="executor://xunit/VsTestRunner2/netcoreapp" className="DemoCICD.Architecture.Tests.ArchitectureTests" name="Presentation_Should_Not_HaveDependencyOnOtherProjects" />
    </UnitTest>
    <UnitTest name="DemoCICD.Architecture.Tests.ArchitectureTests.Infrastructure_Should_Not_HaveDependencyOnOtherProjects" storage="c:\programdata\jenkins\.jenkins\workspace\democicd-dev\test\democicd.architecture.tests\bin\debug\net7.0\democicd.architecture.tests.dll" id="0a2caed5-04a4-e2a0-a8ac-253c693a95c3">
      <Execution id="8566b3fa-a9e9-4719-8e32-4c534f9518db" />
      <TestMethod codeBase="C:\ProgramData\Jenkins\.jenkins\workspace\DemoCICD-DEV\test\DemoCICD.Architecture.Tests\bin\Debug\net7.0\DemoCICD.Architecture.Tests.dll" adapterTypeName="executor://xunit/VsTestRunner2/netcoreapp" className="DemoCICD.Architecture.Tests.ArchitectureTests" name="Infrastructure_Should_Not_HaveDependencyOnOtherProjects" />
    </UnitTest>
  </TestDefinitions>
  <TestEntries>
    <TestEntry testId="abe3c7d4-2857-f3ef-54f9-ffdc995d26b1" executionId="7c59a003-57b8-45b6-8cee-5fad4292281a" testListId="8c84fa94-04c1-424b-9868-57a2d4851a1d" />
    <TestEntry testId="ea4cc17e-20c1-60de-3a9e-053f7044604c" executionId="2b9c6103-f7f0-483d-8f38-90c101607616" testListId="8c84fa94-04c1-424b-9868-57a2d4851a1d" />
    <TestEntry testId="79830558-80c4-25cf-c1be-87f5c8d2d29a" executionId="5d85420a-fb2a-48ad-a92e-e802053aef4c" testListId="8c84fa94-04c1-424b-9868-57a2d4851a1d" />
    <TestEntry testId="0a2caed5-04a4-e2a0-a8ac-253c693a95c3" executionId="8566b3fa-a9e9-4719-8e32-4c534f9518db" testListId="8c84fa94-04c1-424b-9868-57a2d4851a1d" />
    <TestEntry testId="1f0c43ad-8eb0-f880-c356-fbfc4edd50fc" executionId="8843455a-ca0b-43ed-8f73-3e9f6425169f" testListId="8c84fa94-04c1-424b-9868-57a2d4851a1d" />
  </TestEntries>
  <TestLists>
    <TestList name="Results Not in a List" id="8c84fa94-04c1-424b-9868-57a2d4851a1d" />
    <TestList name="All Loaded Results" id="19431567-8539-422a-85d7-44ee4e166bda" />
  </TestLists>
  <ResultSummary outcome="Completed">
    <Counters total="5" executed="5" passed="5" failed="0" error="0" timeout="0" aborted="0" inconclusive="0" passedButRunAborted="0" notRunnable="0" notExecuted="0" disconnected="0" warning="0" completed="0" inProgress="0" pending="0" />
    <Output>
      <StdOut>[xUnit.net 00:00:00.00] xUnit.net VSTest Adapter v2.4.5+1caef2f33e (64-bit .NET 7.0.11)&#xD;
[xUnit.net 00:00:00.87]   Discovering: DemoCICD.Architecture.Tests&#xD;
[xUnit.net 00:00:00.91]   Discovered:  DemoCICD.Architecture.Tests&#xD;
[xUnit.net 00:00:00.91]   Starting:    DemoCICD.Architecture.Tests&#xD;
[xUnit.net 00:00:01.05]   Finished:    DemoCICD.Architecture.Tests&#xD;
</StdOut>
    </Output>
  </ResultSummary>
</TestRun>